[2:9:4.694] Global cache location '/Users/kenneth/Library/Caches/typescript/3.7', safe file path '/usr/local/lib/node_modules/typescript/lib/typingsafelist.json', types map path /usr/local/lib/node_modules/typescript/lib/typesmap.json
[2:9:4.709] Processing cache location '/Users/kenneth/Library/Caches/typescript/3.7'
[2:9:4.709] Trying to find '/Users/kenneth/Library/Caches/typescript/3.7/package.json'...
[2:9:4.710] Finished processing cache location '/Users/kenneth/Library/Caches/typescript/3.7'
[2:9:4.711] Process id: 4567
[2:9:4.711] NPM location: /usr/local/Cellar/node/13.2.0/bin/npm (explicit '--npmLocation' not  provided)
[2:9:4.711] validateDefaultNpmLocation: false
[2:9:4.712] Npm config file: /Users/kenneth/Library/Caches/typescript/3.7/package.json
[2:9:4.712] Updating types-registry npm package...
[2:9:4.712] Exec: /usr/local/Cellar/node/13.2.0/bin/npm install --ignore-scripts types-registry@latest
[2:9:4.740]     Failed. stdout:
    
    stderr:
    /bin/sh: /usr/local/Cellar/node/13.2.0/bin/npm: No such file or directory
    
[2:9:4.740] Updated types-registry npm package
[2:9:4.742] Types registry file '/Users/kenneth/Library/Caches/typescript/3.7/node_modules/types-registry/index.json' does not exist
[2:9:5.886] Got install request {"projectName":"/dev/null/inferredProject1*","fileNames":["/usr/local/lib/node_modules/typescript/lib/lib.d.ts","/usr/local/lib/node_modules/typescript/lib/lib.es5.d.ts","/usr/local/lib/node_modules/typescript/lib/lib.dom.d.ts","/usr/local/lib/node_modules/typescript/lib/lib.webworker.importscripts.d.ts","/usr/local/lib/node_modules/typescript/lib/lib.scripthost.d.ts","/Users/kenneth/git/dig-dug-portal/src/components/LocusZoom.vue"],"compilerOptions":{"target":1,"jsx":1,"allowNonTsExtensions":true,"allowJs":true,"noEmitForJsFiles":true},"typeAcquisition":{"enable":true,"include":[],"exclude":[]},"unresolvedImports":["locuszoom","vue"],"projectRootPath":"/users/kenneth/git/dig-dug-portal/src/components","kind":"discover"}
[2:9:5.919] Loaded safelist from types map file '/usr/local/lib/node_modules/typescript/lib/typesmap.json'
[2:9:5.919] Explicitly included types: []
[2:9:5.921] Inferred typings from unresolved imports: ["locuszoom","vue"]
[2:9:5.921] Result: {"cachedTypingPaths":[],"newTypingNames":["locuszoom","vue"],"filesToWatch":["/users/kenneth/git/dig-dug-portal/src/components/bower_components","/users/kenneth/git/dig-dug-portal/src/components/node_modules"]}
[2:9:5.921] Finished typings discovery: {"cachedTypingPaths":[],"newTypingNames":["locuszoom","vue"],"filesToWatch":["/users/kenneth/git/dig-dug-portal/src/components/bower_components","/users/kenneth/git/dig-dug-portal/src/components/node_modules"]}
[2:9:5.922] DirectoryWatcher:: Added:: WatchInfo: /users/kenneth/git/dig-dug-portal/src/components/bower_components
[2:9:5.924] DirectoryWatcher:: Added:: WatchInfo: /users/kenneth/git/dig-dug-portal/src/components/node_modules
[2:9:5.924] Installing typings ["locuszoom","vue"]
[2:9:5.925] 'locuszoom':: Entry for package 'locuszoom' does not exist in local types registry - skipping...
[2:9:5.925] 'vue':: Entry for package 'vue' does not exist in local types registry - skipping...
[2:9:5.925] All typings are known to be missing or invalid - no need to install more typings
[2:9:5.926] Sending response:
    {"projectName":"/dev/null/inferredProject1*","typeAcquisition":{"enable":true,"include":[],"exclude":[]},"compilerOptions":{"target":1,"jsx":1,"allowNonTsExtensions":true,"allowJs":true,"noEmitForJsFiles":true},"typings":[],"unresolvedImports":["locuszoom","vue"],"kind":"action::set"}
[2:9:5.926] Response has been sent.
